<?xml version="1.0" encoding="UTF-8"?>
<!-- Generated by org.testng.reporters.JUnitXMLReporter -->
<testsuite hostname="Chandan" ignored="0" name="HomeAmazon" tests="3" failures="0" timestamp="07 Oct 2019 11:16:07 GMT" time="66.919" errors="0">
  <testcase name="TestHomePageTitle" time="0.202" classname="com.TestNGScript.file.HomeAmazon"/>
  <testcase name="TestAmazonLogo" time="0.137" classname="com.TestNGScript.file.HomeAmazon"/>
  <testcase name="TestAmazonSell" time="4.842" classname="com.TestNGScript.file.HomeAmazon"/>
</testsuite> <!-- HomeAmazon -->
