<?xml version="1.0" encoding="UTF-8"?>
<!-- Generated by org.testng.reporters.JUnitXMLReporter -->
<testsuite hostname="Chandan" ignored="0" name="LoginSafetyKuvrr" tests="1" failures="0" timestamp="07 Oct 2019 11:14:23 GMT" time="13.18" errors="0">
  <testcase name="@BeforeMethod launchSK" time="13.136" classname="com.TestNGScript.file.LoginSafetyKuvrr">
    <failure type="java.lang.NoClassDefFoundError" message="org/openxmlformats/schemas/spreadsheetml/x2006/main/CTSheet">
      <![CDATA[java.lang.NoClassDefFoundError: org/openxmlformats/schemas/spreadsheetml/x2006/main/CTSheet
at com.Commonutills.file.ExcelUtils.ReadExcel(ExcelUtils.java:19)
at com.TestNGScript.file.LoginSafetyKuvrr.launchSK(LoginSafetyKuvrr.java:26)
Caused by: java.lang.ClassNotFoundException: org.openxmlformats.schemas.spreadsheetml.x2006.main.CTSheet
at java.net.URLClassLoader.findClass(URLClassLoader.java:381)
at java.lang.ClassLoader.loadClass(ClassLoader.java:424)
at sun.misc.Launcher$AppClassLoader.loadClass(Launcher.java:338)
at java.lang.ClassLoader.loadClass(ClassLoader.java:357)
... 30 more
... Removed 28 stack frames]]>
    </failure>
  </testcase> <!-- @BeforeMethod launchSK -->
  <testcase name="@AfterMethod closeBrowser" time="0.0" classname="com.TestNGScript.file.LoginSafetyKuvrr">
    <skipped/>
  </testcase> <!-- @AfterMethod closeBrowser -->
  <testcase name="loginSafetyKuvrr" time="0.001" classname="com.TestNGScript.file.LoginSafetyKuvrr">
    <skipped/>
  </testcase> <!-- loginSafetyKuvrr -->
</testsuite> <!-- LoginSafetyKuvrr -->
