<?xml version="1.0" encoding="UTF-8"?>
<!-- Generated by org.testng.reporters.JUnitXMLReporter -->
<testsuite hostname="Chandan" ignored="0" name="SafetyKuvrrOpenIncident" tests="1" failures="0" timestamp="07 Oct 2019 11:15:00 GMT" time="11.048" errors="0">
  <testcase name="@BeforeMethod launchSKApp" time="11.035" classname="com.TestNGScript.file.SafetyKuvrrOpenIncident">
    <failure type="java.lang.NoClassDefFoundError" message="org/openxmlformats/schemas/spreadsheetml/x2006/main/CTSheet">
      <![CDATA[java.lang.NoClassDefFoundError: org/openxmlformats/schemas/spreadsheetml/x2006/main/CTSheet
at com.Commonutills.file.ExcelUtils.ReadExcel(ExcelUtils.java:19)
at com.TestNGScript.file.SafetyKuvrrOpenIncident.launchSKApp(SafetyKuvrrOpenIncident.java:31)
Caused by: java.lang.ClassNotFoundException: org.openxmlformats.schemas.spreadsheetml.x2006.main.CTSheet
at java.net.URLClassLoader.findClass(URLClassLoader.java:381)
at java.lang.ClassLoader.loadClass(ClassLoader.java:424)
at sun.misc.Launcher$AppClassLoader.loadClass(Launcher.java:338)
at java.lang.ClassLoader.loadClass(ClassLoader.java:357)
... 30 more
... Removed 28 stack frames]]>
    </failure>
  </testcase> <!-- @BeforeMethod launchSKApp -->
  <testcase name="@AfterMethod closeBrowser" time="0.0" classname="com.TestNGScript.file.SafetyKuvrrOpenIncident">
    <skipped/>
  </testcase> <!-- @AfterMethod closeBrowser -->
  <testcase name="launchSafetyApp" time="0.0" classname="com.TestNGScript.file.SafetyKuvrrOpenIncident">
    <skipped/>
  </testcase> <!-- launchSafetyApp -->
</testsuite> <!-- SafetyKuvrrOpenIncident -->
